[0726/121001:ERROR:renderer_main.cc(226)] Running without renderer sandbox
[0726/121001:ERROR:renderer_main.cc(226)] Running without renderer sandbox
[0726/121001:ERROR:renderer_main.cc(226)] Running without renderer sandbox
[0726/121002:INFO:dhcp_proxy_script_adapter_fetcher_win.cc(264)] Error fetching PAC URL from DHCP: 2
[0726/121002:INFO:dhcp_proxy_script_adapter_fetcher_win.cc(264)] Error fetching PAC URL from DHCP: 2
[0726/121004:INFO:CONSOLE(1)] "Uncaught TypeError: Cannot call method 'appendChild' of undefined", source: v8/appCss (1)
[0726/121004:INFO:CONSOLE(1)] "Uncaught TypeError: Cannot call method 'appendChild' of undefined", source: v8/appCss (1)
[0726/121004:INFO:CONSOLE(6)] "The key "target-" is not recognized and ignored.", source: http://127.0.0.1:54321/_DRIVE_C_EVIRD_/Users/Christopher/Desktop/Kellyman%20Photography/index.html?mode=internal (6)
[0726/121004:INFO:CONSOLE(6)] "The key "minimum-" is not recognized and ignored.", source: http://127.0.0.1:54321/_DRIVE_C_EVIRD_/Users/Christopher/Desktop/Kellyman%20Photography/index.html?mode=internal (6)
[0726/121004:INFO:CONSOLE(0)] "event.returnValue is deprecated. Please use the standard event.preventDefault() instead.", source:  (0)
[0726/121011:INFO:dhcp_proxy_script_adapter_fetcher_win.cc(264)] Error fetching PAC URL from DHCP: 2
[0726/121011:INFO:dhcp_proxy_script_adapter_fetcher_win.cc(264)] Error fetching PAC URL from DHCP: 2
[0726/121148:INFO:dhcp_proxy_script_adapter_fetcher_win.cc(264)] Error fetching PAC URL from DHCP: 2
[0726/121148:INFO:dhcp_proxy_script_adapter_fetcher_win.cc(264)] Error fetching PAC URL from DHCP: 2
[0726/121321:ERROR:renderer_main.cc(226)] Running without renderer sandbox
[0726/121321:ERROR:renderer_main.cc(226)] Running without renderer sandbox
[0726/121321:ERROR:renderer_main.cc(226)] Running without renderer sandbox
[0726/121322:INFO:dhcp_proxy_script_adapter_fetcher_win.cc(264)] Error fetching PAC URL from DHCP: 2
[0726/121322:INFO:dhcp_proxy_script_adapter_fetcher_win.cc(264)] Error fetching PAC URL from DHCP: 2
[0726/121323:INFO:CONSOLE(6)] "The key "target-" is not recognized and ignored.", source: http://127.0.0.1:54321/_DRIVE_C_EVIRD_/Users/Christopher/Desktop/Kellyman%20Photography/index.html?mode=internal (6)
[0726/121323:INFO:CONSOLE(6)] "The key "minimum-" is not recognized and ignored.", source: http://127.0.0.1:54321/_DRIVE_C_EVIRD_/Users/Christopher/Desktop/Kellyman%20Photography/index.html?mode=internal (6)
[0726/121323:INFO:CONSOLE(0)] "event.returnValue is deprecated. Please use the standard event.preventDefault() instead.", source:  (0)
